<?xml version="1.0" encoding="UTF-8"?>
<!-- Generated by org.testng.reporters.JUnitReportReporter -->
<testsuite skipped="0" hostname="RamMohan-PC" name="com.ktpl.productlistingpage.Productlisitngcountverification" tests="1" failures="0" timestamp="06 Mar 2019 13:45:34 GMT" time="24.493" errors="0">
  <testcase name="productcount" time="24.493" classname="com.ktpl.productlistingpage.Productlisitngcountverification"/>
</testsuite> <!-- com.ktpl.productlistingpage.Productlisitngcountverification -->
