<?xml version="1.0" encoding="UTF-8"?>
<!-- Generated by org.testng.reporters.JUnitReportReporter -->
<testsuite skipped="0" hostname="RamMohan-PC" name="com.ktpl.productlistingpage.Products_Sorting" tests="1" failures="0" timestamp="06 Mar 2019 11:15:44 GMT" time="27.241" errors="0">
  <testcase name="lowToHigh" time="27.241" classname="com.ktpl.productlistingpage.Products_Sorting"/>
</testsuite> <!-- com.ktpl.productlistingpage.Products_Sorting -->
