<?xml version="1.0" encoding="UTF-8"?>
<!-- Generated by org.testng.reporters.JUnitReportReporter -->
<testsuite skipped="0" hostname="RamMohan-PC" name="com.ktpl.productlistingpage.ProductspriceSortingverification" tests="1" failures="0" timestamp="06 Mar 2019 13:45:34 GMT" time="7.892" errors="0">
  <testcase name="lowToHigh" time="7.892" classname="com.ktpl.productlistingpage.ProductspriceSortingverification"/>
</testsuite> <!-- com.ktpl.productlistingpage.ProductspriceSortingverification -->
