<?xml version="1.0" encoding="UTF-8"?>
<!-- Generated by org.testng.reporters.JUnitReportReporter -->
<testsuite skipped="0" hostname="RamMohan-PC" name="com.ktpl.mainNavigationmenu.Maincategories" tests="1" failures="0" timestamp="06 Mar 2019 13:45:34 GMT" time="15.040" errors="0">
  <testcase name="Categories" time="15.040" classname="com.ktpl.mainNavigationmenu.Maincategories"/>
</testsuite> <!-- com.ktpl.mainNavigationmenu.Maincategories -->
