<?xml version="1.0" encoding="UTF-8"?>
<!-- Generated by org.testng.reporters.JUnitReportReporter -->
<testsuite skipped="0" hostname="RamMohan-PC" name="com.ktpl.productlistingpage.Product_Listing" tests="1" failures="0" timestamp="06 Mar 2019 11:18:39 GMT" time="31.379" errors="0">
  <testcase name="productcount" time="31.379" classname="com.ktpl.productlistingpage.Product_Listing"/>
</testsuite> <!-- com.ktpl.productlistingpage.Product_Listing -->
