<?xml version="1.0" encoding="UTF-8"?>
<!-- Generated by org.testng.reporters.JUnitReportReporter -->
<testsuite skipped="0" hostname="RamMohan-PC" name="com.ktpl.mainNavigationmenu.Subcategories" tests="1" failures="0" timestamp="06 Mar 2019 13:45:34 GMT" time="42.229" errors="0">
  <testcase name="subcategories" time="42.229" classname="com.ktpl.mainNavigationmenu.Subcategories"/>
</testsuite> <!-- com.ktpl.mainNavigationmenu.Subcategories -->
