<?xml version="1.0" encoding="UTF-8"?>
<!-- Generated by org.testng.reporters.JUnitReportReporter -->
<testsuite skipped="0" hostname="RamMohan-PC" name="com.ktpl.footerSection.CMSlinks" tests="1" failures="0" timestamp="06 Mar 2019 13:45:34 GMT" time="43.321" errors="0">
  <testcase name="CMS" time="43.321" classname="com.ktpl.footerSection.CMSlinks"/>
</testsuite> <!-- com.ktpl.footerSection.CMSlinks -->
