<?xml version="1.0" encoding="UTF-8"?>
<!-- Generated by org.testng.reporters.JUnitReportReporter -->
<testsuite skipped="0" hostname="RamMohan-PC" name="com.ktpl.myAccount.Accountdashboard" tests="1" failures="0" timestamp="06 Mar 2019 13:45:34 GMT" time="45.411" errors="0">
  <testcase name="myaccount" time="45.411" classname="com.ktpl.myAccount.Accountdashboard"/>
</testsuite> <!-- com.ktpl.myAccount.Accountdashboard -->
