<?xml version="1.0" encoding="UTF-8"?>
<!-- Generated by org.testng.reporters.JUnitReportReporter -->
<testsuite skipped="0" hostname="RamMohan-PC" name="Practicestuff.Runmultipletimes" tests="2" failures="0" timestamp="05 Feb 2019 09:47:46 GMT" time="55.851" errors="0">
  <testcase name="test" time="36.148" classname="Practicestuff.Runmultipletimes"/>
  <testcase name="test" time="19.703" classname="Practicestuff.Runmultipletimes"/>
</testsuite> <!-- Practicestuff.Runmultipletimes -->
