<?xml version="1.0" encoding="UTF-8"?>
<!-- Generated by org.testng.reporters.JUnitReportReporter -->
<testsuite skipped="0" hostname="RamMohan-PC" name="com.ktpl.headerSection.Guestuser_Accountpanel" tests="1" failures="0" timestamp="06 Mar 2019 06:34:44 GMT" time="72.967" errors="0">
  <testcase name="GuestAccountpanel" time="72.967" classname="com.ktpl.headerSection.Guestuser_Accountpanel"/>
</testsuite> <!-- com.ktpl.headerSection.Guestuser_Accountpanel -->
