<?xml version="1.0" encoding="UTF-8"?>
<!-- Generated by org.testng.reporters.JUnitReportReporter -->
<testsuite skipped="0" hostname="RamMohan-PC" name="com.ktpl.myAccount.Loginlogoutverification" tests="1" failures="0" timestamp="06 Mar 2019 13:45:34 GMT" time="22.297" errors="0">
  <testcase name="logintest" time="22.297" classname="com.ktpl.myAccount.Loginlogoutverification"/>
</testsuite> <!-- com.ktpl.myAccount.Loginlogoutverification -->
