<?xml version="1.0" encoding="UTF-8"?>
<!-- Generated by org.testng.reporters.JUnitReportReporter -->
<testsuite skipped="0" hostname="RamMohan-PC" name="com.ktpl.productTest.Brokenlinkchecker" tests="1" failures="0" timestamp="05 Mar 2019 15:36:46 GMT" time="74.705" errors="0">
  <testcase name="Linkchecker" time="74.705" classname="com.ktpl.productTest.Brokenlinkchecker"/>
</testsuite> <!-- com.ktpl.productTest.Brokenlinkchecker -->
