<?xml version="1.0" encoding="UTF-8"?>
<!-- Generated by org.testng.reporters.JUnitReportReporter -->
<testsuite hostname="RamMohan-PC" name="com.ktpl.myAccount.Login_functionality" tests="1" failures="0" timestamp="6 Mar 2019 13:07:29 GMT" time="16.270" errors="0">
  <testcase name="logintest" time="16.270" classname="com.ktpl.myAccount.Login_functionality"/>
</testsuite> <!-- com.ktpl.myAccount.Login_functionality -->
